C51 COMPILER V9.54   MAIN                                                                  03/08/2022 12:41:33 PAGE 1   


C51 COMPILER V9.54, COMPILATION OF MODULE MAIN
OBJECT MODULE PLACED IN main.OBJ
COMPILER INVOKED BY: E:\Professional Software\Keil\C51\BIN\C51.EXE main.c OPTIMIZE(8,SPEED) BROWSE DEBUG OBJECTEXTEND TA
                    -BS(2)

line level    source

   1          #include<head.h>
   2          
   3          float ftmp;
   4          uint times,ph=0,zhuodu=0;
   5          
   6          void Port_Init(void)
   7          {
   8   1        P0 = 0xff;
   9   1        P1 = 0xff;
  10   1        P2 = 0xff;
  11   1        P3 = 0xff;  
  12   1      }
  13          
  14          void main()
  15          {
  16   1        Port_Init();
  17   1        DQ_init();
  18   1        Tempt();
  19   1        while(temp_value_int==85)
  20   1        {
  21   2          Tempt();
  22   2        }
  23   1        
  24   1        LCD_Init();
  25   1        
  26   1        while(1)
  27   1        {
  28   2          AD_WorkAll();
  29   2            
  30   2          ftmp = 23.977-((5.7887*5.0*AD_value[0])/4096);
  31   2          ph = (uint)(ftmp*10);
  32   2            
  33   2          ftmp = AD_value[1]/4;
  34   2          
  35   2          if(zhuodu<1024)
  36   2          {
  37   3            zhuodu=1024-(uint)ftmp;
  38   3          }
  39   2          else
  40   2          {
  41   3            zhuodu=0;
  42   3          }
  43   2          
  44   2          Tempt();
  45   2          LCD_Scan();
  46   2        }
  47   1      }
  48          
  49          
  50          
  51            


MODULE INFORMATION:   STATIC OVERLAYABLE
C51 COMPILER V9.54   MAIN                                                                  03/08/2022 12:41:33 PAGE 2   

   CODE SIZE        =    182    ----
   CONSTANT SIZE    =   ----    ----
   XDATA SIZE       =   ----    ----
   PDATA SIZE       =   ----    ----
   DATA SIZE        =     10    ----
   IDATA SIZE       =   ----    ----
   BIT SIZE         =   ----    ----
END OF MODULE INFORMATION.


C51 COMPILATION COMPLETE.  0 WARNING(S),  0 ERROR(S)
