C51 COMPILER V9.54   XPT2046                                                               03/08/2022 12:41:35 PAGE 1   


C51 COMPILER V9.54, COMPILATION OF MODULE XPT2046
OBJECT MODULE PLACED IN XPT2046.OBJ
COMPILER INVOKED BY: E:\Professional Software\Keil\C51\BIN\C51.EXE XPT2046.c OPTIMIZE(8,SPEED) BROWSE DEBUG OBJECTEXTEND
                    - TABS(2)

line level    source

   1          #include <head.h>
   2          
   3          u16 AD_value[4]={0};
   4          
   5          //void delay_ms(uint ms)     //延时1ms * ms
   6          //{
   7          //  uint x,y;
   8          //  for(x=ms;x>0;x--)
   9          //    for(y=113;y>0;y--);
  10          //}
  11          
  12          /****************************************************************************
  13          *函数名：SPI_Write
  14          *输  入：dat：写入数据
  15          *输  出：无
  16          *功  能：使用SPI写入数据
  17          ****************************************************************************/
  18          
  19          void XPT_SPI_Write(uchar dat)
  20          {
  21   1        uchar i;
  22   1        CLK = 0;
  23   1        for(i=0; i<8; i++)
  24   1        {
  25   2          DIN = dat >> 7;   //放置最高位
  26   2          dat <<= 1;
  27   2          CLK = 0;      //上升沿放置数据
  28   2      
  29   2          CLK = 1;
  30   2      
  31   2        }
  32   1      }
  33          /****************************************************************************
  34          *函数名：SPI_Read
  35          *输  入：无
  36          *输  出：dat：读取 到的数据
  37          *功  能：使用SPI读取数据
  38          ****************************************************************************/
  39          
  40          uint XPT_SPI_Read(void)
  41          {
  42   1        uint i, dat=0;
  43   1        CLK = 0;
  44   1        for(i=0; i<12; i++)   //接收12位数据
  45   1        {
  46   2          dat <<= 1;
  47   2      
  48   2          CLK = 1;
  49   2          CLK = 0;
  50   2      
  51   2          dat |= DOUT;
  52   2      
  53   2        }
  54   1        return dat; 
C51 COMPILER V9.54   XPT2046                                                               03/08/2022 12:41:35 PAGE 2   

  55   1      }
  56          
  57          /****************************************************************************
  58          *函数名：Read_AD_Data
  59          *输  入：cmd：读取的X或者Y
  60          *输  出：endValue：最终信号处理后返回的值
  61          *功  能：读取触摸数据
  62          ****************************************************************************/
  63          uint Read_AD_Data(uchar cmd)
  64          {
  65   1        uchar i;
  66   1        uint AD_Value;
  67   1        CLK = 0;
  68   1        CS  = 0;
  69   1        XPT_SPI_Write(cmd);
  70   1        for(i=6; i>0; i--);   //延时等待转换结果
  71   1        CLK = 1;    //发送一个时钟周期，清除BUSY
  72   1        _nop_();
  73   1        _nop_();
  74   1        CLK = 0;
  75   1        _nop_();
  76   1        _nop_();
  77   1        AD_Value = XPT_SPI_Read();
  78   1        CS = 1;
  79   1        
  80   1        if(cmd==CH2)
  81   1        {
  82   2          AD_Value = AD_Value*4;
  83   2        }
  84   1        
  85   1        return AD_Value;  
  86   1      }
  87          
  88          uint AD_Work(unsigned char ch)  
  89          {
  90   1        uint AD_val;
  91   1        float AD_num;
  92   1        
  93   1        unsigned int i;
  94   1        for(i=0;i<100;i++)
  95   1        {
  96   2          AD_num+=Read_AD_Data(ch); //求100次的平均值  
  97   2        }
  98   1        AD_num=AD_num/100;
  99   1        AD_val=(uint)AD_num;
 100   1      
 101   1        return AD_val;
 102   1      }
 103          
 104          
 105          //XPT2046 4个通道是通过选择器选择，不能并行测量，可以分开测量
 106          //4个通道同时测量的程序
 107          void AD_WorkAll(void)
 108          {
 109   1        static tt=0;
 110   1        
 111   1        tt++;
 112   1        if(tt==5)
 113   1        {
 114   2          AD_value[0] = AD_Work(CH0); 
 115   2        }
 116   1        
C51 COMPILER V9.54   XPT2046                                                               03/08/2022 12:41:35 PAGE 3   

 117   1        if(tt==10)
 118   1        {
 119   2          AD_value[1] = AD_Work(CH1); 
 120   2        }
 121   1        
 122   1        if(tt==15)
 123   1        {
 124   2          AD_value[2] = AD_Work(CH2); 
 125   2        }
 126   1        
 127   1        if(tt==20)
 128   1        {
 129   2          AD_value[3] = AD_Work(CH3); 
 130   2        }
 131   1        
 132   1        if(tt>=20)
 133   1        {
 134   2          tt=0;
 135   2        }
 136   1      }


MODULE INFORMATION:   STATIC OVERLAYABLE
   CODE SIZE        =    300    ----
   CONSTANT SIZE    =   ----    ----
   XDATA SIZE       =   ----    ----
   PDATA SIZE       =   ----    ----
   DATA SIZE        =     10       7
   IDATA SIZE       =   ----    ----
   BIT SIZE         =   ----    ----
END OF MODULE INFORMATION.


C51 COMPILATION COMPLETE.  0 WARNING(S),  0 ERROR(S)
