C51 COMPILER V9.54   MAIN                                                                  03/11/2022 09:57:52 PAGE 1   


C51 COMPILER V9.54, COMPILATION OF MODULE MAIN
OBJECT MODULE PLACED IN main.OBJ
COMPILER INVOKED BY: E:\Professional Software\Keil\C51\BIN\C51.EXE main.c OPTIMIZE(8,SPEED) BROWSE DEBUG OBJECTEXTEND TA
                    -BS(2)

line level    source

   1          #include<head.h>
   2          
   3          uint ph=0,zhuodu=0;
   4          
   5          void Port_Init(void)
   6          {
   7   1        P0 = 0xff;
   8   1        P1 = 0xff;
   9   1        P2 = 0xff;
  10   1        P3 = 0xff;
  11   1      }
  12          
  13          void main() 
  14          {
  15   1        u16 times=0;
  16   1        
  17   1        Port_Init();
  18   1        LCD_Init();
  19   1        DQ_init();
  20   1        
  21   1        while(1)
  22   1        {
  23   2          ph = ADconv(CH1)/2;   
  24   2          zhuodu = ADconv(CH2)*4;
  25   2          if(zhuodu<1024)
  26   2          {
  27   3            zhuodu=1024-zhuodu;
  28   3          }
  29   2          else
  30   2          {
  31   3            zhuodu=0;
  32   3          }
  33   2          
  34   2          times++;
  35   2          if(times>=100)
  36   2          {
  37   3            times=0;
  38   3            Tempt();
  39   3            LCD_Scan();
  40   3          }
  41   2        }
  42   1      }
  43          
  44          
  45          
  46          
  47          


MODULE INFORMATION:   STATIC OVERLAYABLE
   CODE SIZE        =    111    ----
   CONSTANT SIZE    =   ----    ----
   XDATA SIZE       =   ----    ----
   PDATA SIZE       =   ----    ----
C51 COMPILER V9.54   MAIN                                                                  03/11/2022 09:57:52 PAGE 2   

   DATA SIZE        =      4       2
   IDATA SIZE       =   ----    ----
   BIT SIZE         =   ----    ----
END OF MODULE INFORMATION.


C51 COMPILATION COMPLETE.  0 WARNING(S),  0 ERROR(S)
